C:\Program Files (x86)\MSBuild\Microsoft.Cpp\v4.0\V120\Microsoft.CppBuild.targets(356,5): warning MSB8004: Intermediate Directory does not end with a trailing slash.  This build instance will add the slash as it is required to allow proper evaluation of the Intermediate Directory.
C:\Program Files (x86)\MSBuild\Microsoft.Cpp\v4.0\V120\Microsoft.CppBuild.targets(357,5): warning MSB8004: Output Directory does not end with a trailing slash.  This build instance will add the slash as it is required to allow proper evaluation of the Output Directory.
  Vector.cpp
c:\users\tomer simis\desktop\projetopg\projetopg\vector.cpp(1): warning C4067: unexpected tokens following preprocessor directive - expected a newline
c:\users\tomer simis\desktop\projetopg\projetopg\vector.h(4): warning C4067: unexpected tokens following preprocessor directive - expected a newline
c:\users\tomer simis\desktop\projetopg\projetopg\point.h(13): warning C4520: 'Point' : multiple default constructors specified
c:\users\tomer simis\desktop\projetopg\projetopg\vector.cpp(2): warning C4067: unexpected tokens following preprocessor directive - expected a newline
c:\users\tomer simis\desktop\projetopg\projetopg\vector.cpp(3): warning C4067: unexpected tokens following preprocessor directive - expected a newline
  ProjetoPG.cpp
c:\users\tomer simis\desktop\projetopg\projetopg\point.h(13): warning C4520: 'Point' : multiple default constructors specified
c:\users\tomer simis\desktop\projetopg\projetopg\normal.h(13): warning C4520: 'Normal' : multiple default constructors specified
c:\users\tomer simis\desktop\projetopg\projetopg\vector.h(4): warning C4067: unexpected tokens following preprocessor directive - expected a newline
c:\users\tomer simis\desktop\projetopg\projetopg\projetopg.cpp(16): warning C4005: '_CRT_SECURE_NO_WARNINGS' : macro redefinition
          command-line arguments :  see previous definition of '_CRT_SECURE_NO_WARNINGS'
c:\users\tomer simis\desktop\projetopg\projetopg\projetopg.cpp(156): warning C4018: '<' : signed/unsigned mismatch
  Point.cpp
c:\users\tomer simis\desktop\projetopg\projetopg\point.h(13): warning C4520: 'Point' : multiple default constructors specified
c:\users\tomer simis\desktop\projetopg\projetopg\vector.h(4): warning C4067: unexpected tokens following preprocessor directive - expected a newline
  Normal.cpp
c:\users\tomer simis\desktop\projetopg\projetopg\normal.h(13): warning C4520: 'Normal' : multiple default constructors specified
  Face.cpp
c:\users\tomer simis\desktop\projetopg\projetopg\point.h(13): warning C4520: 'Point' : multiple default constructors specified
c:\users\tomer simis\desktop\projetopg\projetopg\normal.h(13): warning C4520: 'Normal' : multiple default constructors specified
  Generating Code...
  LINK : .\Output\Debug\ProjetoPG.exe not found or not built by the last incremental link; performing full link
  ProjetoPG.vcxproj -> C:\Users\Tomer Simis\Desktop\ProjetoPG\ProjetoPG\.\Output\Debug\ProjetoPG.exe
